<?xml version="1.0" encoding="UTF-8"?>
<!-- Generated by org.testng.reporters.JUnitReportReporter -->
<testsuite hostname="DESKTOP-S16N51Q" failures="0" tests="3" name="com.actitime.testscript.ProjectModule" time="31.290" errors="0" timestamp="2022-09-06T11:22:09 IST" skipped="0">
  <testcase classname="com.actitime.testscript.ProjectModule" name="deleteProject" time="7.375"/>
  <system-out>
    <![CDATA[deleteProject]]>
  </system-out>
  <testcase classname="com.actitime.testscript.ProjectModule" name="modifyProject" time="15.531"/>
  <system-out>
    <![CDATA[modifyProject]]>
  </system-out>
  <testcase classname="com.actitime.testscript.ProjectModule" name="createProject" time="8.384"/>
  <system-out>
    <![CDATA[createProject]]>
  </system-out>
</testsuite> <!-- com.actitime.testscript.ProjectModule -->
