<?xml version="1.0" encoding="UTF-8"?>
<!-- Generated by org.testng.reporters.JUnitReportReporter -->
<testsuite hostname="DESKTOP-S16N51Q" failures="0" tests="4" name="com.actitime.testscript.Demo" time="0.020" errors="0" timestamp="2022-05-05T13:00:38 IST" skipped="0">
  <testcase classname="com.actitime.testscript.Demo" name="testDemo2" time="0.004"/>
  <system-out>
    <![CDATA[welcome to Testng]]>
  </system-out>
  <testcase classname="com.actitime.testscript.Demo" name="testDemo1" time="0.003"/>
  <system-out>
    <![CDATA[welcome to Testng]]>
  </system-out>
  <testcase classname="com.actitime.testscript.Demo" name="testDemo3" time="0.001"/>
  <system-out>
    <![CDATA[welcome to Testng]]>
  </system-out>
  <testcase classname="com.actitime.testscript.Demo" name="testDemo" time="0.012"/>
  <system-out>
    <![CDATA[welcome to Testng]]>
  </system-out>
</testsuite> <!-- com.actitime.testscript.Demo -->
