<?xml version="1.0" encoding="UTF-8"?>
<!-- Generated by org.testng.reporters.JUnitReportReporter -->
<testsuite hostname="DESKTOP-S16N51Q" failures="0" tests="3" name="com.actitime.testscript.UserModule" time="31.067" errors="0" timestamp="2022-09-06T11:22:09 IST" skipped="0">
  <testcase classname="com.actitime.testscript.UserModule" name="deleteUser" time="7.826"/>
  <system-out>
    <![CDATA[deleteUser]]>
  </system-out>
  <testcase classname="com.actitime.testscript.UserModule" name="createUser" time="15.507"/>
  <system-out>
    <![CDATA[createUser]]>
  </system-out>
  <testcase classname="com.actitime.testscript.UserModule" name="modifyUser" time="7.734"/>
  <system-out>
    <![CDATA[modifyUser]]>
  </system-out>
</testsuite> <!-- com.actitime.testscript.UserModule -->
