<?xml version="1.0" encoding="UTF-8"?>
<!-- Generated by org.testng.reporters.JUnitReportReporter -->
<testsuite hostname="DESKTOP-S16N51Q" failures="0" tests="3" name="com.actitime.testscript.TaskModule" time="28.376" errors="0" timestamp="2022-09-06T11:22:09 IST" skipped="0">
  <testcase classname="com.actitime.testscript.TaskModule" name="createTask" time="6.559"/>
  <system-out>
    <![CDATA[createTask]]>
  </system-out>
  <testcase classname="com.actitime.testscript.TaskModule" name="deleteTask" time="9.843"/>
  <system-out>
    <![CDATA[deleteTask]]>
  </system-out>
  <testcase classname="com.actitime.testscript.TaskModule" name="modifyTask" time="11.974"/>
  <system-out>
    <![CDATA[modifyTask]]>
  </system-out>
</testsuite> <!-- com.actitime.testscript.TaskModule -->
