<?xml version="1.0" encoding="UTF-8"?>
<!-- Generated by org.testng.reporters.JUnitReportReporter -->
<testsuite hostname="DESKTOP-S16N51Q" failures="0" tests="1" name="com.actitime.pom.TestClass" time="13.332" errors="0" timestamp="2022-05-12T12:56:44 IST" skipped="0">
  <testcase classname="com.actitime.pom.TestClass" name="verifyLogin" time="13.332"/>
  <system-out/>
</testsuite> <!-- com.actitime.pom.TestClass -->
